This file contains any messages produced by compilers while
running configure, to aid debugging if configure makes a mistake.

It was created by lunawm configure 0.1, which was
generated by GNU Autoconf 2.69.  Invocation command line was

  $ ./configure --prefix=/data/data/com.termux/files/usr

## --------- ##
## Platform. ##
## --------- ##

hostname = localhost
uname -m = aarch64
uname -r = 3.18.71-perf-g89eea04
uname -s = Linux
uname -v = #1 SMP PREEMPT Thu Oct 10 00:42:26 CST 2019

/usr/bin/uname -p = unknown
/bin/uname -X     = unknown

/bin/arch              = unknown
/usr/bin/arch -k       = unknown
/usr/convex/getsysinfo = unknown
/usr/bin/hostinfo      = unknown
/bin/machine           = unknown
/usr/bin/oslevel       = unknown
/bin/universe          = unknown

PATH: /data/data/com.termux/files/usr/bin
PATH: /data/data/com.termux/files/usr/bin/applets


## ----------- ##
## Core tests. ##
## ----------- ##

configure:2120: checking for a BSD-compatible install
configure:2188: result: /data/data/com.termux/files/usr/bin/install -c
configure:2199: checking whether build environment is sane
configure:2254: result: yes
configure:2405: checking for a thread-safe mkdir -p
configure:2444: result: /data/data/com.termux/files/usr/bin/mkdir -p
configure:2451: checking for gawk
configure:2467: found /data/data/com.termux/files/usr/bin/gawk
configure:2478: result: gawk
configure:2489: checking whether make sets $(MAKE)
configure:2511: result: yes
configure:2540: checking whether make supports nested variables
configure:2557: result: yes
configure:2732: checking for gcc
configure:2748: found /data/data/com.termux/files/usr/bin/gcc
configure:2759: result: gcc
configure:2988: checking for C compiler version
configure:2997: gcc --version >&5
clang version 9.0.0 (tags/RELEASE_900/final)
Target: aarch64-unknown-linux-android
Thread model: posix
InstalledDir: /data/data/com.termux/files/usr/bin
configure:3008: $? = 0
configure:2997: gcc -v >&5
clang version 9.0.0 (tags/RELEASE_900/final)
Target: aarch64-unknown-linux-android
Thread model: posix
InstalledDir: /data/data/com.termux/files/usr/bin
configure:3008: $? = 0
configure:2997: gcc -V >&5
clang-9: error: argument to '-V' is missing (expected 1 value)
clang-9: error: no input files
configure:3008: $? = 1
configure:2997: gcc -qversion >&5
clang-9: error: unknown argument '-qversion'; did you mean '--version'?
clang-9: error: no input files
configure:3008: $? = 1
configure:3028: checking whether the C compiler works
configure:3050: gcc    conftest.c  >&5
configure:3054: $? = 0
configure:3102: result: yes
configure:3105: checking for C compiler default output file name
configure:3107: result: a.out
configure:3113: checking for suffix of executables
configure:3120: gcc -o conftest    conftest.c  >&5
configure:3124: $? = 0
configure:3146: result: 
configure:3168: checking whether we are cross compiling
configure:3176: gcc -o conftest    conftest.c  >&5
configure:3180: $? = 0
configure:3187: ./conftest
configure:3191: $? = 0
configure:3206: result: no
configure:3211: checking for suffix of object files
configure:3233: gcc -c   conftest.c >&5
configure:3237: $? = 0
configure:3258: result: o
configure:3262: checking whether we are using the GNU C compiler
configure:3281: gcc -c   conftest.c >&5
configure:3281: $? = 0
configure:3290: result: yes
configure:3299: checking whether gcc accepts -g
configure:3319: gcc -c -g  conftest.c >&5
configure:3319: $? = 0
configure:3360: result: yes
configure:3377: checking for gcc option to accept ISO C89
configure:3440: gcc  -c -g -O2  conftest.c >&5
configure:3440: $? = 0
configure:3453: result: none needed
configure:3478: checking whether gcc understands -c and -o together
configure:3500: gcc -c conftest.c -o conftest2.o
configure:3503: $? = 0
configure:3500: gcc -c conftest.c -o conftest2.o
configure:3503: $? = 0
configure:3515: result: yes
configure:3535: checking whether make supports the include directive
configure:3550: make -f confmf.GNU && cat confinc.out
this is the am__doit target
configure:3553: $? = 0
configure:3572: result: yes (GNU style)
configure:3597: checking dependency style of gcc
configure:3708: result: gcc3
configure:3734: checking how to run the C preprocessor
configure:3765: gcc -E  conftest.c
configure:3765: $? = 0
configure:3779: gcc -E  conftest.c
conftest.c:11:10: fatal error: 'ac_nonexistent.h' file not found
#include <ac_nonexistent.h>
         ^~~~~~~~~~~~~~~~~~
1 error generated.
configure:3779: $? = 1
configure: failed program was:
| /* confdefs.h */
| #define PACKAGE_NAME "lunawm"
| #define PACKAGE_TARNAME "lunawm"
| #define PACKAGE_VERSION "0.1"
| #define PACKAGE_STRING "lunawm 0.1"
| #define PACKAGE_BUGREPORT "deak311@outlook.hu"
| #define PACKAGE_URL ""
| #define PACKAGE "lunawm"
| #define VERSION "0.1"
| /* end confdefs.h.  */
| #include <ac_nonexistent.h>
configure:3804: result: gcc -E
configure:3824: gcc -E  conftest.c
configure:3824: $? = 0
configure:3838: gcc -E  conftest.c
conftest.c:11:10: fatal error: 'ac_nonexistent.h' file not found
#include <ac_nonexistent.h>
         ^~~~~~~~~~~~~~~~~~
1 error generated.
configure:3838: $? = 1
configure: failed program was:
| /* confdefs.h */
| #define PACKAGE_NAME "lunawm"
| #define PACKAGE_TARNAME "lunawm"
| #define PACKAGE_VERSION "0.1"
| #define PACKAGE_STRING "lunawm 0.1"
| #define PACKAGE_BUGREPORT "deak311@outlook.hu"
| #define PACKAGE_URL ""
| #define PACKAGE "lunawm"
| #define VERSION "0.1"
| /* end confdefs.h.  */
| #include <ac_nonexistent.h>
configure:3867: checking for grep that handles long lines and -e
configure:3925: result: /data/data/com.termux/files/usr/bin/grep
configure:3930: checking for egrep
configure:3992: result: /data/data/com.termux/files/usr/bin/grep -E
configure:3997: checking for ANSI C header files
configure:4017: gcc -c -g -O2  conftest.c >&5
configure:4017: $? = 0
configure:4090: gcc -o conftest -g -O2   conftest.c  >&5
configure:4090: $? = 0
configure:4090: ./conftest
configure:4090: $? = 0
configure:4101: result: yes
configure:4114: checking for sys/types.h
configure:4114: gcc -c -g -O2  conftest.c >&5
configure:4114: $? = 0
configure:4114: result: yes
configure:4114: checking for sys/stat.h
configure:4114: gcc -c -g -O2  conftest.c >&5
configure:4114: $? = 0
configure:4114: result: yes
configure:4114: checking for stdlib.h
configure:4114: gcc -c -g -O2  conftest.c >&5
configure:4114: $? = 0
configure:4114: result: yes
configure:4114: checking for string.h
configure:4114: gcc -c -g -O2  conftest.c >&5
configure:4114: $? = 0
configure:4114: result: yes
configure:4114: checking for memory.h
configure:4114: gcc -c -g -O2  conftest.c >&5
configure:4114: $? = 0
configure:4114: result: yes
configure:4114: checking for strings.h
configure:4114: gcc -c -g -O2  conftest.c >&5
configure:4114: $? = 0
configure:4114: result: yes
configure:4114: checking for inttypes.h
configure:4114: gcc -c -g -O2  conftest.c >&5
configure:4114: $? = 0
configure:4114: result: yes
configure:4114: checking for stdint.h
configure:4114: gcc -c -g -O2  conftest.c >&5
configure:4114: $? = 0
configure:4114: result: yes
configure:4114: checking for unistd.h
configure:4114: gcc -c -g -O2  conftest.c >&5
configure:4114: $? = 0
configure:4114: result: yes
configure:4126: checking X11/Xlib.h usability
configure:4126: gcc -c -g -O2  conftest.c >&5
configure:4126: $? = 0
configure:4126: result: yes
configure:4126: checking X11/Xlib.h presence
configure:4126: gcc -E  conftest.c
configure:4126: $? = 0
configure:4126: result: yes
configure:4126: checking for X11/Xlib.h
configure:4126: result: yes
configure:4134: checking for XOpenDisplay in -lX11
configure:4159: gcc -o conftest -g -O2   conftest.c -lX11   >&5
configure:4159: $? = 0
configure:4168: result: yes
configure:4294: checking that generated files are newer than configure
configure:4300: result: done
configure:4323: creating ./config.status

## ---------------------- ##
## Running config.status. ##
## ---------------------- ##

This file was extended by lunawm config.status 0.1, which was
generated by GNU Autoconf 2.69.  Invocation command line was

  CONFIG_FILES    = 
  CONFIG_HEADERS  = 
  CONFIG_LINKS    = 
  CONFIG_COMMANDS = 
  $ ./config.status 

on localhost

config.status:854: creating Makefile
config.status:854: creating src/Makefile
config.status:854: creating config.h
config.status:1035: config.h is unchanged
config.status:1083: executing depfiles commands
config.status:1158: cd src       && sed -e '/# am--include-marker/d' Makefile         | make -f - am--depfiles
make: Nothing to be done for 'am--depfiles'.
config.status:1165: $? = 0

## ---------------- ##
## Cache variables. ##
## ---------------- ##

ac_cv_c_compiler_gnu='yes'
ac_cv_env_CC_set=''
ac_cv_env_CC_value=''
ac_cv_env_CFLAGS_set=''
ac_cv_env_CFLAGS_value=''
ac_cv_env_CPPFLAGS_set=''
ac_cv_env_CPPFLAGS_value=''
ac_cv_env_CPP_set=''
ac_cv_env_CPP_value=''
ac_cv_env_LDFLAGS_set=''
ac_cv_env_LDFLAGS_value=''
ac_cv_env_LIBS_set=''
ac_cv_env_LIBS_value=''
ac_cv_env_build_alias_set=''
ac_cv_env_build_alias_value=''
ac_cv_env_host_alias_set=''
ac_cv_env_host_alias_value=''
ac_cv_env_target_alias_set=''
ac_cv_env_target_alias_value=''
ac_cv_header_X11_Xlib_h='yes'
ac_cv_header_inttypes_h='yes'
ac_cv_header_memory_h='yes'
ac_cv_header_stdc='yes'
ac_cv_header_stdint_h='yes'
ac_cv_header_stdlib_h='yes'
ac_cv_header_string_h='yes'
ac_cv_header_strings_h='yes'
ac_cv_header_sys_stat_h='yes'
ac_cv_header_sys_types_h='yes'
ac_cv_header_unistd_h='yes'
ac_cv_lib_X11_XOpenDisplay='yes'
ac_cv_objext='o'
ac_cv_path_EGREP='/data/data/com.termux/files/usr/bin/grep -E'
ac_cv_path_GREP='/data/data/com.termux/files/usr/bin/grep'
ac_cv_path_install='/data/data/com.termux/files/usr/bin/install -c'
ac_cv_path_mkdir='/data/data/com.termux/files/usr/bin/mkdir'
ac_cv_prog_AWK='gawk'
ac_cv_prog_CPP='gcc -E'
ac_cv_prog_ac_ct_CC='gcc'
ac_cv_prog_cc_c89=''
ac_cv_prog_cc_g='yes'
ac_cv_prog_make_make_set='yes'
am_cv_CC_dependencies_compiler_type='gcc3'
am_cv_make_support_nested_variables='yes'
am_cv_prog_cc_c_o='yes'

## ----------------- ##
## Output variables. ##
## ----------------- ##

ACLOCAL='${SHELL} /data/data/com.termux/files/home/lunade/missing aclocal-1.16'
AMDEPBACKSLASH='\'
AMDEP_FALSE='#'
AMDEP_TRUE=''
AMTAR='$${TAR-tar}'
AM_BACKSLASH='\'
AM_DEFAULT_V='$(AM_DEFAULT_VERBOSITY)'
AM_DEFAULT_VERBOSITY='1'
AM_V='$(V)'
AUTOCONF='${SHELL} /data/data/com.termux/files/home/lunade/missing autoconf'
AUTOHEADER='${SHELL} /data/data/com.termux/files/home/lunade/missing autoheader'
AUTOMAKE='${SHELL} /data/data/com.termux/files/home/lunade/missing automake-1.16'
AWK='gawk'
CC='gcc'
CCDEPMODE='depmode=gcc3'
CFLAGS='-g -O2'
CPP='gcc -E'
CPPFLAGS=''
CYGPATH_W='echo'
DEFS='-DHAVE_CONFIG_H'
DEPDIR='.deps'
ECHO_C=''
ECHO_N='-n'
ECHO_T=''
EGREP='/data/data/com.termux/files/usr/bin/grep -E'
EXEEXT=''
GREP='/data/data/com.termux/files/usr/bin/grep'
INSTALL_DATA='${INSTALL} -m 644'
INSTALL_PROGRAM='${INSTALL}'
INSTALL_SCRIPT='${INSTALL}'
INSTALL_STRIP_PROGRAM='$(install_sh) -c -s'
LDFLAGS=''
LIBOBJS=''
LIBS='-lX11 '
LTLIBOBJS=''
MAKEINFO='${SHELL} /data/data/com.termux/files/home/lunade/missing makeinfo'
MKDIR_P='/data/data/com.termux/files/usr/bin/mkdir -p'
OBJEXT='o'
PACKAGE='lunawm'
PACKAGE_BUGREPORT='deak311@outlook.hu'
PACKAGE_NAME='lunawm'
PACKAGE_STRING='lunawm 0.1'
PACKAGE_TARNAME='lunawm'
PACKAGE_URL=''
PACKAGE_VERSION='0.1'
PATH_SEPARATOR=':'
SET_MAKE=''
SHELL='/data/data/com.termux/files/usr/bin/sh'
STRIP=''
VERSION='0.1'
ac_ct_CC='gcc'
am__EXEEXT_FALSE=''
am__EXEEXT_TRUE='#'
am__fastdepCC_FALSE='#'
am__fastdepCC_TRUE=''
am__include='include'
am__isrc=''
am__leading_dot='.'
am__nodep='_no'
am__quote=''
am__tar='$${TAR-tar} chof - "$$tardir"'
am__untar='$${TAR-tar} xf -'
bindir='${exec_prefix}/bin'
build_alias=''
datadir='${datarootdir}'
datarootdir='${prefix}/share'
docdir='${datarootdir}/doc/${PACKAGE_TARNAME}'
dvidir='${docdir}'
exec_prefix='${prefix}'
host_alias=''
htmldir='${docdir}'
includedir='${prefix}/include'
infodir='${datarootdir}/info'
install_sh='${SHELL} /data/data/com.termux/files/home/lunade/install-sh'
libdir='${exec_prefix}/lib'
libexecdir='${exec_prefix}/libexec'
localedir='${datarootdir}/locale'
localstatedir='${prefix}/var'
mandir='${datarootdir}/man'
mkdir_p='$(MKDIR_P)'
oldincludedir='/usr/include'
pdfdir='${docdir}'
prefix='/data/data/com.termux/files/usr'
program_transform_name='s,x,x,'
psdir='${docdir}'
sbindir='${exec_prefix}/sbin'
sharedstatedir='${prefix}/com'
sysconfdir='${prefix}/etc'
target_alias=''

## ----------- ##
## confdefs.h. ##
## ----------- ##

/* confdefs.h */
#define PACKAGE_NAME "lunawm"
#define PACKAGE_TARNAME "lunawm"
#define PACKAGE_VERSION "0.1"
#define PACKAGE_STRING "lunawm 0.1"
#define PACKAGE_BUGREPORT "deak311@outlook.hu"
#define PACKAGE_URL ""
#define PACKAGE "lunawm"
#define VERSION "0.1"
#define STDC_HEADERS 1
#define HAVE_SYS_TYPES_H 1
#define HAVE_SYS_STAT_H 1
#define HAVE_STDLIB_H 1
#define HAVE_STRING_H 1
#define HAVE_MEMORY_H 1
#define HAVE_STRINGS_H 1
#define HAVE_INTTYPES_H 1
#define HAVE_STDINT_H 1
#define HAVE_UNISTD_H 1
#define HAVE_LIBX11 1

configure: exit 0
